2025-04-08 17:32:38,298 - utils.logger - INFO - 应用程序启动
2025-04-08 17:32:38,301 - utils.logger - ERROR - 数据库初始化失败: near "AUTO_INCREMENT": syntax error
2025-04-08 17:36:46,591 - utils.logger - INFO - 应用程序启动
2025-04-08 17:36:46,593 - utils.logger - ERROR - 数据库初始化失败: near "AUTO_INCREMENT": syntax error
2025-04-08 17:37:48,923 - utils.logger - INFO - 应用程序启动
2025-04-08 17:37:48,966 - utils.logger - INFO - 数据库初始化完成
2025-04-08 17:45:12,295 - utils.logger - INFO - 应用程序启动
2025-04-08 17:45:12,356 - utils.logger - INFO - 数据库初始化完成
2025-04-08 18:06:11,707 - utils.logger - INFO - 应用程序启动
2025-04-08 18:06:11,709 - utils.logger - INFO - 数据库初始化完成
2025-04-08 18:06:11,715 - utils.logger - INFO - 成功添加门店: 旗舰店, ID: 1
2025-04-08 18:06:11,718 - utils.logger - INFO - 查询门店信息: 1
2025-04-08 18:06:11,724 - utils.logger - INFO - 成功添加商品: 矿泉水, 条码: 690123456789
2025-04-08 18:06:11,739 - utils.logger - INFO - 成功添加图书: Python编程, 条码: 978710100
2025-04-08 18:06:11,749 - utils.logger - INFO - 成功添加供货商: 北京供货商, ID: 1
2025-04-08 18:06:11,757 - utils.logger - INFO - 成功关联商品690123456789与供货商1
2025-04-08 18:13:40,400 - utils.logger - INFO - 应用程序启动
2025-04-08 18:13:40,401 - utils.logger - INFO - 数据库初始化完成
2025-04-08 18:13:40,402 - services.customer_service - INFO - 尝试注册会员: 王小明(13800138000)
2025-04-08 18:13:40,409 - services.customer_service - INFO - 会员注册成功，ID: 1
2025-04-08 18:13:40,411 - services.customer_service - INFO - 查询会员信息: 1
2025-04-08 18:13:40,415 - utils.logger - INFO - 成功添加门店: 测试门店, ID: 2
2025-04-08 18:13:40,423 - utils.logger - INFO - 成功添加商品: 测试商品, 条码: TEST001
2025-04-08 18:13:40,423 - services.sales_service - INFO - 创建销售记录 - 门店:2 商品:TEST001
2025-04-08 18:13:40,433 - services.sales_service - INFO - 销售记录创建成功: SALE-20250408-C5FCAD11
2025-04-08 18:13:40,433 - services.sales_service - INFO - 创建销售记录 - 门店:2 商品:TEST001
2025-04-08 18:13:40,442 - services.sales_service - INFO - 销售记录创建成功: SALE-20250408-9BDE980A
2025-04-08 18:13:40,443 - services.sales_service - INFO - 生成销售报表
2025-04-08 19:22:32,453 - utils.logger - INFO - 数据库初始化完成
2025-04-08 19:22:32,455 - utils.logger - ERROR - 初始化失败: module 'api.routes.products' has no attribute 'bp'
2025-04-08 19:22:58,628 - utils.logger - INFO - 数据库初始化完成
2025-04-08 19:22:58,630 - utils.logger - ERROR - 初始化失败: 'function' object has no attribute 'info'
2025-04-08 19:23:24,916 - utils.logger - INFO - 数据库初始化完成
2025-04-08 19:23:24,919 - utils.logger - INFO - Flask应用初始化完成
2025-04-08 19:23:25,633 - utils.logger - INFO - 数据库初始化完成
2025-04-08 19:23:25,636 - utils.logger - INFO - Flask应用初始化完成
2025-04-08 19:23:36,192 - utils.logger - WARNING - 404错误: 404 Not Found: The requested URL was not found on the server. If you entered the URL manually please check your spelling and try again.
2025-04-08 19:23:36,405 - utils.logger - WARNING - 404错误: 404 Not Found: The requested URL was not found on the server. If you entered the URL manually please check your spelling and try again.
2025-04-08 19:23:42,239 - utils.logger - WARNING - 404错误: 404 Not Found: The requested URL was not found on the server. If you entered the URL manually please check your spelling and try again.
2025-04-08 19:23:42,467 - utils.logger - WARNING - 404错误: 404 Not Found: The requested URL was not found on the server. If you entered the URL manually please check your spelling and try again.
2025-04-08 19:27:13,274 - utils.logger - INFO - 数据库初始化完成
2025-04-08 19:27:13,277 - utils.logger - INFO - Flask应用初始化完成
2025-04-08 19:27:16,188 - utils.logger - INFO - 数据库初始化完成
2025-04-08 19:27:16,192 - utils.logger - INFO - Flask应用初始化完成
2025-04-08 19:27:28,405 - utils.logger - WARNING - 404错误: 404 Not Found: The requested URL was not found on the server. If you entered the URL manually please check your spelling and try again.
2025-04-08 19:27:29,271 - utils.logger - WARNING - 404错误: 404 Not Found: The requested URL was not found on the server. If you entered the URL manually please check your spelling and try again.
2025-04-08 19:27:53,313 - utils.logger - INFO - 数据库初始化完成
2025-04-08 19:27:53,316 - utils.logger - INFO - Flask应用初始化完成
2025-04-08 19:27:53,685 - utils.logger - INFO - 数据库初始化完成
2025-04-08 19:27:53,688 - utils.logger - INFO - Flask应用初始化完成
2025-04-08 19:27:59,680 - utils.logger - WARNING - 404错误: 404 Not Found: The requested URL was not found on the server. If you entered the URL manually please check your spelling and try again.
2025-04-08 19:30:12,761 - utils.logger - WARNING - 404错误: 404 Not Found: The requested URL was not found on the server. If you entered the URL manually please check your spelling and try again.
2025-04-08 19:30:37,918 - utils.logger - INFO - 应用程序启动
2025-04-08 19:30:37,920 - utils.logger - INFO - 数据库初始化完成
2025-04-08 19:30:37,921 - services.customer_service - INFO - 尝试注册会员: 王小明(13800138000)
2025-04-08 19:30:37,927 - services.customer_service - ERROR - 会员注册失败: 会员已存在或联系电话重复
2025-04-08 19:30:37,934 - utils.logger - INFO - 成功添加门店: 测试门店, ID: 3
2025-04-08 19:30:37,938 - utils.logger - ERROR - 添加商品失败: UNIQUE constraint failed: Product.条码
2025-04-08 19:37:11,485 - utils.logger - INFO - 应用程序启动
2025-04-08 19:37:11,487 - utils.logger - INFO - 数据库初始化完成
2025-04-08 19:37:11,488 - services.customer_service - INFO - 尝试注册会员: 王小明(13800138000)
2025-04-08 19:37:11,489 - services.customer_service - ERROR - 会员注册失败: 会员已存在或联系电话重复
2025-04-08 19:37:11,500 - utils.logger - INFO - 成功添加门店: 测试门店, ID: 4
2025-04-08 19:37:11,503 - utils.logger - ERROR - 添加商品失败: UNIQUE constraint failed: Product.条码
2025-04-08 19:50:24,085 - utils.logger - INFO - 数据库初始化完成
2025-04-08 19:50:24,088 - utils.logger - INFO - Flask应用初始化完成
2025-04-08 19:50:24,562 - utils.logger - INFO - 数据库初始化完成
2025-04-08 19:50:24,565 - utils.logger - INFO - Flask应用初始化完成
2025-04-08 19:50:29,162 - utils.logger - WARNING - 404错误: 404 Not Found: The requested URL was not found on the server. If you entered the URL manually please check your spelling and try again.
2025-04-08 19:52:35,390 - utils.logger - WARNING - 404错误: 404 Not Found: The requested URL was not found on the server. If you entered the URL manually please check your spelling and try again.
2025-04-08 19:53:23,432 - utils.logger - INFO - 数据库初始化完成
2025-04-08 19:53:23,435 - utils.logger - INFO - Flask应用初始化完成
2025-04-08 19:53:45,626 - utils.logger - INFO - 数据库初始化完成
2025-04-08 19:53:45,629 - utils.logger - ERROR - 初始化失败: URL rule './' must start with a slash.
2025-04-08 19:54:06,548 - utils.logger - INFO - 数据库初始化完成
2025-04-08 19:54:06,551 - utils.logger - INFO - Flask应用初始化完成
2025-04-08 19:54:06,953 - utils.logger - INFO - 数据库初始化完成
2025-04-08 19:54:06,957 - utils.logger - INFO - Flask应用初始化完成
2025-04-09 10:14:53,634 - utils.logger - INFO - 数据库初始化完成
2025-04-09 10:14:53,638 - utils.logger - INFO - Flask应用初始化完成
2025-04-09 10:14:54,223 - utils.logger - INFO - 数据库初始化完成
2025-04-09 10:14:54,225 - utils.logger - INFO - Flask应用初始化完成
2025-04-09 10:14:58,204 - utils.logger - WARNING - 404错误: 404 Not Found: The requested URL was not found on the server. If you entered the URL manually please check your spelling and try again.
2025-04-09 10:18:58,303 - utils.logger - INFO - 数据库初始化完成
2025-04-09 10:18:58,306 - utils.logger - INFO - Flask应用初始化完成
2025-04-09 10:20:12,699 - utils.logger - INFO - 数据库初始化完成
2025-04-09 10:20:12,702 - utils.logger - INFO - Flask应用初始化完成
2025-04-09 10:20:15,641 - utils.logger - INFO - 数据库初始化完成
2025-04-09 10:20:15,644 - utils.logger - INFO - Flask应用初始化完成
2025-04-09 10:23:25,879 - utils.logger - INFO - 数据库初始化完成
2025-04-09 10:23:25,882 - utils.logger - INFO - Flask应用初始化完成
2025-04-09 10:23:26,303 - utils.logger - INFO - 数据库初始化完成
2025-04-09 10:23:26,306 - utils.logger - INFO - Flask应用初始化完成
